(---------------------------------------------------------------------)
(                                                                     )
(    QUICKPLACE LOG                                                   )
(                                                                     )
(    Drawing          : DDS.brd                                       )
(    Software Version : 16.6-2015S066                                 )
(    Date/Time        : Sun May 07 09:35:02 2017                      )
(                                                                     )
(---------------------------------------------------------------------)


State: Placing on layer TOP

         Placed symbol:  U16 / LT1964-5_LT1964-5-SOT23_LT1964- / LT1964-5-SOT23 at (5184.772 2210.505)
         Placed symbol:  C75 / CAP_0603_0.01UF / 0603 at (5147.863 2107.033)
         Placed symbol:  C79 / CAP_0603_0.01UF / 0603 at (5147.863 2041.947)
         Placed symbol:  C76 / CAP_0603_0.01UF / 0603 at (5147.863 1976.861)
         Placed symbol:  C81 / CAP_0603_1UF / 0603 at (5147.863 1911.775)
         Placed symbol:  C74 / CAP_0603_0.01UF / 0603 at (5147.863 1846.689)
         Placed symbol:  C77 / CAP_0603_0.1UF / 0603 at (5147.863 1781.603)
         Placed symbol:  C82 / CAP_0603_0.1UF / 0603 at (5147.863 1716.517)
         Placed symbol:  C83 / CAP_0603_0.1UF / 0603 at (5147.863 1651.431)
         Placed symbol:  C78 / CAP_0805_10UF / 0805 at (5157.705 1577.486)
         Placed symbol:  C84 / CAP_0805_10UF / 0805 at (5157.705 1494.682)
         Placed symbol:  C80 / CAP_1206_22UF / 1206 at (5181.327 1404.989)


Placed 12 of 12 applicable (12 total) symbols.

-----------------------------------------------------------------------

