(---------------------------------------------------------------------)
(                                                                     )
(    ARTWORK LOG                                                      )
(                                                                     )
(    Drawing          : DDS.brd                                       )
(    Software Version : 16.6-2015S066                                 )
(    Date/Time        : Sat Feb 24 22:19:24 2018                      )
(                                                                     )
(---------------------------------------------------------------------)


 ---- Photoplot outline rectangle not found; using drawing extents.



Results from parameter file ...
    DEVICE-TYPE           GERBER_RS274X
    OUTPUT-UNITS          INCHES
    FILM-SIZE             2400000 1600000
    FORMAT                2.5
    ABORT-ON-ERROR        NO
    SCALE                 1
    SUPPRESS-LEAD-ZEROES  YES
    SUPPRESS-TRAIL-ZEROES NO
    SUPPRESS-EQUAL        YES
    UNDEF-APT-CONT        NO



================================================================
     PROCESSING FILM < TOP >
     TO FILE < F:/对外部分项目/信号发生器改版V2.0_485/Hardware/Pcb/ads_sdart/TOP.art > ...
================================================================

  FILM PARAMETERS :
  ---------------------------------------------------------
  Undefined line width                6.000
  Mirror code                         NONE
  Rotate angle                        NONE
  Offset x:                           0.000
  Offset y:                           0.000
  Plot negative                       NO
  Suppress unconnected internal pads  NO
  Draw holes only                     NO

    WARNING: Segment with same start and end points at
	(1614.794 1096.171) will be ignored. Increasing output
	accuracy may allow segment to be generated.

    WARNING: Segment with same start and end points at
	(378.888 934.779) will be ignored. Increasing output
	accuracy may allow segment to be generated.

    WARNING: Segment with same start and end points at
	(378.888 1179.389) will be ignored. Increasing output
	accuracy may allow segment to be generated.

    WARNING: Segment with same start and end points at
	(378.888 1301.694) will be ignored. Increasing output
	accuracy may allow segment to be generated.

    WARNING: Segment with same start and end points at
	(1054.035 1185.333) will be ignored. Increasing output
	accuracy may allow segment to be generated.

    WARNING: Segment with same start and end points at
	(1316.496 788.410) will be ignored. Increasing output
	accuracy may allow segment to be generated.

    WARNING: Segment with same start and end points at
	(1577.264 1004.430) will be ignored. Increasing output
	accuracy may allow segment to be generated.

    WARNING: Segment with same start and end points at
	(1577.264 1142.224) will be ignored. Increasing output
	accuracy may allow segment to be generated.

    WARNING: Segment with same start and end points at
	(1577.264 630.414) will be ignored. Increasing output
	accuracy may allow segment to be generated.

    WARNING: Segment with same start and end points at
	(1577.264 669.783) will be ignored. Increasing output
	accuracy may allow segment to be generated.

    WARNING: Segment with same start and end points at
	(1577.264 1083.169) will be ignored. Increasing output
	accuracy may allow segment to be generated.

    WARNING: Segment with same start and end points at
	(1673.720 1376.476) will be ignored. Increasing output
	accuracy may allow segment to be generated.

    WARNING: Segment with same start and end points at
	(2067.422 533.957) will be ignored. Increasing output
	accuracy may allow segment to be generated.

    WARNING: Segment with same start and end points at
	(2087.106 533.957) will be ignored. Increasing output
	accuracy may allow segment to be generated.

    WARNING: Segment with same start and end points at
	(2241.279 381.516) will be ignored. Increasing output
	accuracy may allow segment to be generated.

    WARNING: Segment with same start and end points at
	(3064.768 982.154) will be ignored. Increasing output
	accuracy may allow segment to be generated.

    WARNING: Segment with same start and end points at
	(2419.784 650.099) will be ignored. Increasing output
	accuracy may allow segment to be generated.

    WARNING: Segment with same start and end points at
	(2419.784 630.414) will be ignored. Increasing output
	accuracy may allow segment to be generated.

    WARNING: Segment with same start and end points at
	(2419.784 610.729) will be ignored. Increasing output
	accuracy may allow segment to be generated.

    WARNING: Segment with same start and end points at
	(2419.784 886.319) will be ignored. Increasing output
	accuracy may allow segment to be generated.

    WARNING: Segment with same start and end points at
	(2419.785 1083.169) will be ignored. Increasing output
	accuracy may allow segment to be generated.

    WARNING: Segment with same start and end points at
	(2419.784 1063.485) will be ignored. Increasing output
	accuracy may allow segment to be generated.

    WARNING: Segment with same start and end points at
	(2419.784 1043.800) will be ignored. Increasing output
	accuracy may allow segment to be generated.

    WARNING: Segment with same start and end points at
	(2645.972 1005.528) will be ignored. Increasing output
	accuracy may allow segment to be generated.

    WARNING: Segment with same start and end points at
	(2645.973 1103.953) will be ignored. Increasing output
	accuracy may allow segment to be generated.

    WARNING: Segment with same start and end points at
	(2938.803 458.345) will be ignored. Increasing output
	accuracy may allow segment to be generated.

    WARNING: Segment with same start and end points at
	(3175.180 391.903) will be ignored. Increasing output
	accuracy may allow segment to be generated.

    WARNING: Segment with same start and end points at
	(3364.221 797.425) will be ignored. Increasing output
	accuracy may allow segment to be generated.

    WARNING: Segment with same start and end points at
	(3544.090 797.425) will be ignored. Increasing output
	accuracy may allow segment to be generated.

    WARNING: Segment with same start and end points at
	(3584.861 391.903) will be ignored. Increasing output
	accuracy may allow segment to be generated.

    WARNING: Segment with same start and end points at
	(776.280 1410.728) will be ignored. Increasing output
	accuracy may allow segment to be generated.

    WARNING: Segment with same start and end points at
	(1034.193 1575.468) will be ignored. Increasing output
	accuracy may allow segment to be generated.

    WARNING: Segment with same start and end points at
	(1054.036 1410.728) will be ignored. Increasing output
	accuracy may allow segment to be generated.

    WARNING: Segment with same start and end points at
	(1112.299 1575.468) will be ignored. Increasing output
	accuracy may allow segment to be generated.

    WARNING: Segment with same start and end points at
	(1281.547 1575.468) will be ignored. Increasing output
	accuracy may allow segment to be generated.

    WARNING: Segment with same start and end points at
	(827.460 1410.728) will be ignored. Increasing output
	accuracy may allow segment to be generated.

    WARNING: Segment with same start and end points at
	(3605.000 1200.559) will be ignored. Increasing output
	accuracy may allow segment to be generated.

    WARNING: Segment with same start and end points at
	(4227.261 887.150) will be ignored. Increasing output
	accuracy may allow segment to be generated.



  APERTURES USED:
  ---------------------------------------------------------
  TYPE       SIZE/NAME                   ROT   MIRROR MODE 
  ---------------------------------------------------------
  CIRCLE     0.00394                                  DARK 
  CIRCLE     0.01000                                  DARK 
  CIRCLE     0.01200                                  DARK 
  CIRCLE     0.01500                                  DARK 
  CIRCLE     0.02000                                  DARK 
  CIRCLE     0.02500                                  DARK 
  CIRCLE     0.03000                                  DARK 
  CIRCLE     0.03500                                  DARK 
  CIRCLE     0.05906                                  DARK 
  CIRCLE     0.07087                                  DARK 
  CIRCLE     0.09842                                  DARK 
  CIRCLE     0.17716                                  DARK 
  SQUARE     0.09055                     0.000 NO     DARK 
  RECTANGLE  0.01673     x 0.03740       0.000 NO     DARK 
  RECTANGLE  0.01673     x 0.03740      90.000 NO     DARK 
  RECTANGLE  0.02264     x 0.05512       0.000 NO     DARK 
  RECTANGLE  0.02264     x 0.05512      90.000 NO     DARK 
  RECTANGLE  0.02658     x 0.06890      90.000 NO     DARK 
  RECTANGLE  0.03937     x 0.02362       0.000 NO     DARK 
  RECTANGLE  0.03937     x 0.02362      90.000 NO     DARK 
  RECTANGLE  0.05512     x 0.04331      90.000 NO     DARK 
  RECTANGLE  0.05906     x 0.01000       0.000 NO     DARK 
  RECTANGLE  0.05906     x 0.01000      90.000 NO     DARK 
  RECTANGLE  0.06102     x 0.02362       0.000 NO     DARK 
  RECTANGLE  0.06299     x 0.06299       0.000 NO     DARK 
  RECTANGLE  0.06693     x 0.05118      90.000 NO     DARK 
  RECTANGLE  0.07087     x 0.04724       0.000 NO     DARK 
  RECTANGLE  0.07087     x 0.04724      90.000 NO     DARK 
  RECTANGLE  0.07677     x 0.02362       0.000 NO     DARK 
  RECTANGLE  0.12795     x 0.07874       0.000 NO     DARK 
  RECTANGLE  0.13583     x 0.10039      90.000 NO     DARK 
  RECTANGLE  0.21654     x 0.22441       0.000 NO     DARK 
  OBLONG     0.04921     x 0.02165      90.000 NO     DARK 
  OBLONG     0.05118     x 0.01575      90.000 NO     DARK 

     TOP created with warnings


================================================================
     PROCESSING FILM < BOTTOM >
     TO FILE < F:/对外部分项目/信号发生器改版V2.0_485/Hardware/Pcb/ads_sdart/BOTTOM.art > ...
================================================================

  FILM PARAMETERS :
  ---------------------------------------------------------
  Undefined line width                1.000
  Mirror code                         NONE
  Rotate angle                        NONE
  Offset x:                           0.000
  Offset y:                           0.000
  Plot negative                       NO
  Suppress unconnected internal pads  NO
  Draw holes only                     NO



  APERTURES USED:
  ---------------------------------------------------------
  TYPE       SIZE/NAME                   ROT   MIRROR MODE 
  ---------------------------------------------------------
  CIRCLE     0.00394                                  DARK 
  CIRCLE     0.01000                                  DARK 
  CIRCLE     0.01200                                  DARK 
  CIRCLE     0.01500                                  DARK 
  CIRCLE     0.02000                                  DARK 
  CIRCLE     0.02500                                  DARK 
  CIRCLE     0.03000                                  DARK 
  CIRCLE     0.05906                                  DARK 
  CIRCLE     0.07087                                  DARK 
  CIRCLE     0.09842                                  DARK 
  CIRCLE     0.17716                                  DARK 

     BOTTOM created.


================================================================
     PROCESSING FILM < DRILL >
     TO FILE < F:/对外部分项目/信号发生器改版V2.0_485/Hardware/Pcb/ads_sdart/DRILL.art > ...
================================================================

  FILM PARAMETERS :
  ---------------------------------------------------------
  Undefined line width                1.000
  Mirror code                         NONE
  Rotate angle                        NONE
  Offset x:                           0.000
  Offset y:                           0.000
  Plot negative                       NO
  Suppress unconnected internal pads  NO
  Draw holes only                     NO

    WARNING: 0 width line found at (214.717 2507.213)
           ... using undefined line width of 1.000

    WARNING: Multiple 0 width lines; all will be treated the same as the first.
           ... using undefined line width of 1.000

    WARNING: text composed 0 width line found at (664.217 4319.713)
           ... using undefined line width of 1.000

    WARNING: text having Multiple 0 width lines; all will be treated the same as the first.
           ... using undefined line width of 1.000



  APERTURES USED:
  ---------------------------------------------------------
  TYPE       SIZE/NAME                   ROT   MIRROR MODE 
  ---------------------------------------------------------
  CIRCLE     0.00100                                  DARK 
  CIRCLE     0.00394                                  DARK 

     DRILL created with warnings


================================================================
     PROCESSING FILM < SOLDERMASK_TOP >
     TO FILE < F:/对外部分项目/信号发生器改版V2.0_485/Hardware/Pcb/ads_sdart/SOLDERMASK_TOP.art > ...
================================================================

  FILM PARAMETERS :
  ---------------------------------------------------------
  Undefined line width                6.000
  Mirror code                         NONE
  Rotate angle                        NONE
  Offset x:                           0.000
  Offset y:                           0.000
  Plot negative                       NO
  Suppress unconnected internal pads  NO
  Draw holes only                     NO



  APERTURES USED:
  ---------------------------------------------------------
  TYPE       SIZE/NAME                   ROT   MIRROR MODE 
  ---------------------------------------------------------
  CIRCLE     0.00394                                  DARK 
  CIRCLE     0.00787                                  DARK 
  CIRCLE     0.05906                                  DARK 
  CIRCLE     0.07087                                  DARK 
  CIRCLE     0.09842                                  DARK 
  CIRCLE     0.17716                                  DARK 
  SQUARE     0.09055                     0.000 NO     DARK 
  RECTANGLE  0.01673     x 0.03740       0.000 NO     DARK 
  RECTANGLE  0.01673     x 0.03740      90.000 NO     DARK 
  RECTANGLE  0.02264     x 0.05512       0.000 NO     DARK 
  RECTANGLE  0.02264     x 0.05512      90.000 NO     DARK 
  RECTANGLE  0.02658     x 0.06890      90.000 NO     DARK 
  RECTANGLE  0.03937     x 0.02362       0.000 NO     DARK 
  RECTANGLE  0.03937     x 0.02362      90.000 NO     DARK 
  RECTANGLE  0.05512     x 0.04331      90.000 NO     DARK 
  RECTANGLE  0.05906     x 0.01000       0.000 NO     DARK 
  RECTANGLE  0.05906     x 0.01000      90.000 NO     DARK 
  RECTANGLE  0.06102     x 0.02362       0.000 NO     DARK 
  RECTANGLE  0.06299     x 0.06299       0.000 NO     DARK 
  RECTANGLE  0.06693     x 0.05118      90.000 NO     DARK 
  RECTANGLE  0.07087     x 0.04724       0.000 NO     DARK 
  RECTANGLE  0.07087     x 0.04724      90.000 NO     DARK 
  RECTANGLE  0.07677     x 0.02362       0.000 NO     DARK 
  RECTANGLE  0.12795     x 0.07874       0.000 NO     DARK 
  RECTANGLE  0.13583     x 0.10039      90.000 NO     DARK 
  RECTANGLE  0.21654     x 0.22441       0.000 NO     DARK 
  OBLONG     0.04921     x 0.02165      90.000 NO     DARK 
  OBLONG     0.05118     x 0.01575      90.000 NO     DARK 

     SOLDERMASK_TOP created.


================================================================
     PROCESSING FILM < SOLDERMASK_BOTTOM >
     TO FILE < F:/对外部分项目/信号发生器改版V2.0_485/Hardware/Pcb/ads_sdart/SOLDERMASK_BOTTOM.art > ...
================================================================

  FILM PARAMETERS :
  ---------------------------------------------------------
  Undefined line width                6.000
  Mirror code                         NONE
  Rotate angle                        NONE
  Offset x:                           0.000
  Offset y:                           0.000
  Plot negative                       NO
  Suppress unconnected internal pads  NO
  Draw holes only                     NO



  APERTURES USED:
  ---------------------------------------------------------
  TYPE       SIZE/NAME                   ROT   MIRROR MODE 
  ---------------------------------------------------------
  CIRCLE     0.00394                                  DARK 
  CIRCLE     0.05906                                  DARK 
  CIRCLE     0.07087                                  DARK 
  CIRCLE     0.09842                                  DARK 
  CIRCLE     0.17716                                  DARK 

     SOLDERMASK_BOTTOM created.


================================================================
     PROCESSING FILM < SILKSCREEN_BOTTOM >
     TO FILE < F:/对外部分项目/信号发生器改版V2.0_485/Hardware/Pcb/ads_sdart/SILKSCREEN_BOTTOM.art > ...
================================================================

  FILM PARAMETERS :
  ---------------------------------------------------------
  Undefined line width                6.000
  Mirror code                         NONE
  Rotate angle                        NONE
  Offset x:                           0.000
  Offset y:                           0.000
  Plot negative                       NO
  Suppress unconnected internal pads  NO
  Draw holes only                     NO



  APERTURES USED:
  ---------------------------------------------------------
  TYPE       SIZE/NAME                   ROT   MIRROR MODE 
  ---------------------------------------------------------
  CIRCLE     0.00394                                  DARK 

     SILKSCREEN_BOTTOM created.


================================================================
     PROCESSING FILM < SILKSCREEN_TOP >
     TO FILE < F:/对外部分项目/信号发生器改版V2.0_485/Hardware/Pcb/ads_sdart/SILKSCREEN_TOP.art > ...
================================================================

  FILM PARAMETERS :
  ---------------------------------------------------------
  Undefined line width                6.000
  Mirror code                         NONE
  Rotate angle                        NONE
  Offset x:                           0.000
  Offset y:                           0.000
  Plot negative                       NO
  Suppress unconnected internal pads  NO
  Draw holes only                     NO



  APERTURES USED:
  ---------------------------------------------------------
  TYPE       SIZE/NAME                   ROT   MIRROR MODE 
  ---------------------------------------------------------
  CIRCLE     0.00394                                  DARK 
  CIRCLE     0.00400                                  DARK 
  CIRCLE     0.00600                                  DARK 
  CIRCLE     0.00787                                  DARK 
  CIRCLE     0.00984                                  DARK 
  CIRCLE     0.01000                                  DARK 
  CIRCLE     0.01968                                  DARK 

     SILKSCREEN_TOP created.


================================================================
     PROCESSING FILM < PASTEMASK_TOP >
     TO FILE < F:/对外部分项目/信号发生器改版V2.0_485/Hardware/Pcb/ads_sdart/PASTEMASK_TOP.art > ...
================================================================

  FILM PARAMETERS :
  ---------------------------------------------------------
  Undefined line width                6.000
  Mirror code                         NONE
  Rotate angle                        NONE
  Offset x:                           0.000
  Offset y:                           0.000
  Plot negative                       NO
  Suppress unconnected internal pads  NO
  Draw holes only                     NO



  APERTURES USED:
  ---------------------------------------------------------
  TYPE       SIZE/NAME                   ROT   MIRROR MODE 
  ---------------------------------------------------------
  CIRCLE     0.00394                                  DARK 
  SQUARE     0.09055                     0.000 NO     DARK 
  RECTANGLE  0.01673     x 0.03740       0.000 NO     DARK 
  RECTANGLE  0.01673     x 0.03740      90.000 NO     DARK 
  RECTANGLE  0.02264     x 0.05512       0.000 NO     DARK 
  RECTANGLE  0.02264     x 0.05512      90.000 NO     DARK 
  RECTANGLE  0.02658     x 0.06890      90.000 NO     DARK 
  RECTANGLE  0.03937     x 0.02362       0.000 NO     DARK 
  RECTANGLE  0.03937     x 0.02362      90.000 NO     DARK 
  RECTANGLE  0.05512     x 0.04331      90.000 NO     DARK 
  RECTANGLE  0.05906     x 0.01000       0.000 NO     DARK 
  RECTANGLE  0.05906     x 0.01000      90.000 NO     DARK 
  RECTANGLE  0.06102     x 0.02362       0.000 NO     DARK 
  RECTANGLE  0.06299     x 0.06299       0.000 NO     DARK 
  RECTANGLE  0.06693     x 0.05118      90.000 NO     DARK 
  RECTANGLE  0.07087     x 0.04724       0.000 NO     DARK 
  RECTANGLE  0.07087     x 0.04724      90.000 NO     DARK 
  RECTANGLE  0.07677     x 0.02362       0.000 NO     DARK 
  RECTANGLE  0.09367     x 0.05823      90.000 NO     DARK 
  RECTANGLE  0.12795     x 0.07874       0.000 NO     DARK 
  RECTANGLE  0.21654     x 0.22441       0.000 NO     DARK 
  OBLONG     0.04921     x 0.02165      90.000 NO     DARK 
  OBLONG     0.05118     x 0.01575      90.000 NO     DARK 

     PASTEMASK_TOP created.


================================================================
     PROCESSING FILM < PASTEMASK_BOTTOM >
     TO FILE < F:/对外部分项目/信号发生器改版V2.0_485/Hardware/Pcb/ads_sdart/PASTEMASK_BOTTOM.art > ...
================================================================

  FILM PARAMETERS :
  ---------------------------------------------------------
  Undefined line width                6.000
  Mirror code                         NONE
  Rotate angle                        NONE
  Offset x:                           0.000
  Offset y:                           0.000
  Plot negative                       NO
  Suppress unconnected internal pads  NO
  Draw holes only                     NO



  APERTURES USED:
  ---------------------------------------------------------
  TYPE       SIZE/NAME                   ROT   MIRROR MODE 
  ---------------------------------------------------------
  CIRCLE     0.00394                                  DARK 

     PASTEMASK_BOTTOM created.


------------------------------------------------------
 SUMMARY:
        TOP created with warnings
        BOTTOM created.
        DRILL created with warnings
        SOLDERMASK_TOP created.
        SOLDERMASK_BOTTOM created.
        SILKSCREEN_BOTTOM created.
        SILKSCREEN_TOP created.
        PASTEMASK_TOP created.
        PASTEMASK_BOTTOM created.

 ARTWORK had warnings
