{ Using PSTWRITER 16.6.0 d001Jul-12-2017 at 17:48:51 }

#1 ERROR(ORCAP-36032): Duplicate Reference Designator M?: TOP, TOP (3.00, 6.30).
#2 ERROR(ORCAP-36032): Duplicate Reference Designator M?: TOP, TOP (2.20, 6.30).
#3 ERROR(ORCAP-36032): Duplicate Reference Designator M?: TOP, TOP (4.00, 6.30).
#4 ERROR(ORCAP-36032): Duplicate Reference Designator L?: Power, Power (3.40, 1.20).
#5 ERROR(ORCAP-36032): Duplicate Reference Designator H?: Module, Module (8.70, 3.70).
#6 ERROR(ORCAP-36032): Duplicate Reference Designator H?: Module, Module (4.30, 3.70).
#7 ERROR(ORCAP-36032): Duplicate Reference Designator H?: Module, Module (6.50, 3.70).
#8 ERROR(ORCAP-36032): Duplicate Reference Designator H?: Module, Module (2.30, 3.70).
#9 ERROR(ORCAP-36032): Duplicate Reference Designator H?: Power, Power (1.90, 3.20).
#10 ERROR(ORCAP-36032): Duplicate Reference Designator H?: Module, Module (9.40, 5.40).
#11 ERROR(ORCAP-36032): Duplicate Reference Designator U?: DDS, DDS (4.20, 0.90).
#12 ERROR(ORCAP-36032): Duplicate Reference Designator U?: Module, Module (1.20, 0.50).
#13 ERROR(ORCAP-36032): Duplicate Reference Designator U?: Module, Module (8.10, 7.10).
#14 ERROR(ORCAP-36032): Duplicate Reference Designator U?: Module, Module (3.50, 0.70).
#15 ERROR(ORCAP-36032): Duplicate Reference Designator U?: Module, Module (5.00, 6.80).
#16 ERROR(ORCAP-36032): Duplicate Reference Designator U?: Module, Module (9.10, 0.60).
#17 ERROR(ORCAP-36032): Duplicate Reference Designator U?: Power, Power (2.40, 2.30).
#18 ERROR(ORCAP-36032): Duplicate Reference Designator U?: Power, Power (1.60, 5.80).
#19 ERROR(ORCAP-36032): Duplicate Reference Designator U?: Power, Power (2.10, 0.80).
#20 ERROR(ORCAP-36032): Duplicate Reference Designator U?: Power, Power (5.50, 0.80).
#21 ERROR(ORCAP-36032): Duplicate Reference Designator U?: Power, Power (2.10, 4.60).
#22 ERROR(ORCAP-36032): Duplicate Reference Designator U?: Power, Power (5.70, 2.10).
#23 ERROR(ORCAP-36032): Duplicate Reference Designator U?: Module, Module (5.90, 0.90).
#24 ERROR(ORCAP-36032): Duplicate Reference Designator U?: Module, Module (1.10, 7.30).
#25 ERROR(ORCAP-36032): Duplicate Reference Designator C?: DDS, DDS (3.50, 0.50).
#26 ERROR(ORCAP-36032): Duplicate Reference Designator C?: DDS, DDS (6.00, 3.30).
#27 ERROR(ORCAP-36032): Duplicate Reference Designator C?: DDS, DDS (4.50, 3.30).
#28 ERROR(ORCAP-36032): Duplicate Reference Designator C?: DDS, DDS (3.10, 4.00).
#29 ERROR(ORCAP-36032): Duplicate Reference Designator C?: DDS, DDS (5.00, 4.10).
#30 ERROR(ORCAP-36032): Duplicate Reference Designator C?: DDS, DDS (2.40, 1.30).
#31 ERROR(ORCAP-36032): Duplicate Reference Designator C?: DDS, DDS (3.00, 3.00).
#32 ERROR(ORCAP-36032): Duplicate Reference Designator C?: DDS, DDS (3.10, 1.50).
#33 ERROR(ORCAP-36032): Duplicate Reference Designator C?: DDS, DDS (4.80, 3.30).
#34 ERROR(ORCAP-36032): Duplicate Reference Designator C?: MCU, MCU (6.30, 5.40).
#35 ERROR(ORCAP-36032): Duplicate Reference Designator C?: MCU, MCU (0.80, 6.30).
#36 ERROR(ORCAP-36032): Duplicate Reference Designator C?: MCU, MCU (1.60, 6.30).
#37 ERROR(ORCAP-36032): Duplicate Reference Designator C?: MCU, MCU (7.90, 5.60).
#38 ERROR(ORCAP-36032): Duplicate Reference Designator C?: MCU, MCU (6.60, 3.50).
#39 ERROR(ORCAP-36032): Duplicate Reference Designator C?: MCU, MCU (2.40, 6.30).
#40 ERROR(ORCAP-36032): Duplicate Reference Designator C?: MCU, MCU (3.20, 6.30).
#41 ERROR(ORCAP-36032): Duplicate Reference Designator C?: MCU, MCU (4.00, 6.30).
#42 ERROR(ORCAP-36032): Duplicate Reference Designator C?: MCU, MCU (4.80, 6.30).
#43 ERROR(ORCAP-36032): Duplicate Reference Designator C?: MCU, MCU (5.20, 6.30).
#44 ERROR(ORCAP-36032): Duplicate Reference Designator C?: MCU, MCU (0.40, 6.30).
#45 ERROR(ORCAP-36032): Duplicate Reference Designator C?: MCU, MCU (1.20, 6.30).
#46 ERROR(ORCAP-36032): Duplicate Reference Designator C?: MCU, MCU (1.10, 5.40).
#47 ERROR(ORCAP-36032): Duplicate Reference Designator C?: MCU, MCU (2.00, 6.30).
#48 ERROR(ORCAP-36032): Duplicate Reference Designator C?: MCU, MCU (6.20, 3.50).
#49 ERROR(ORCAP-36032): Duplicate Reference Designator C?: MCU, MCU (2.80, 6.30).
#50 ERROR(ORCAP-36032): Duplicate Reference Designator C?: MCU, MCU (3.60, 6.30).
#51 ERROR(ORCAP-36032): Duplicate Reference Designator C?: MCU, MCU (1.10, 5.20).
#52 ERROR(ORCAP-36032): Duplicate Reference Designator C?: MCU, MCU (4.40, 6.30).
#53 ERROR(ORCAP-36032): Duplicate Reference Designator C?: Module, Module (9.90, 3.50).
#54 ERROR(ORCAP-36032): Duplicate Reference Designator C?: Module, Module (0.70, 3.50).
#55 ERROR(ORCAP-36032): Duplicate Reference Designator C?: Module, Module (9.30, 3.50).
#56 ERROR(ORCAP-36032): Duplicate Reference Designator C?: Module, Module (1.50, 2.40).
#57 ERROR(ORCAP-36032): Duplicate Reference Designator C?: Module, Module (7.30, 4.10).
#58 ERROR(ORCAP-36032): Duplicate Reference Designator C?: Module, Module (4.80, 8.00).
#59 ERROR(ORCAP-36032): Duplicate Reference Designator C?: Module, Module (7.10, 3.50).
#60 ERROR(ORCAP-36032): Duplicate Reference Designator C?: Module, Module (3.50, 3.50).
#61 ERROR(ORCAP-36032): Duplicate Reference Designator C?: Module, Module (7.70, 3.50).
#62 ERROR(ORCAP-36032): Duplicate Reference Designator C?: Module, Module (3.10, 4.10).
#63 ERROR(ORCAP-36032): Duplicate Reference Designator C?: Module, Module (5.10, 4.10).
#64 ERROR(ORCAP-36032): Duplicate Reference Designator C?: Module, Module (2.90, 3.50).
#65 ERROR(ORCAP-36032): Duplicate Reference Designator C?: Module, Module (0.50, 2.40).
#66 ERROR(ORCAP-36032): Duplicate Reference Designator C?: Module, Module (0.90, 2.40).
#67 ERROR(ORCAP-36032): Duplicate Reference Designator C?: Module, Module (5.50, 3.50).
#68 ERROR(ORCAP-36032): Duplicate Reference Designator C?: Module, Module (1.90, 2.40).
#69 ERROR(ORCAP-36032): Duplicate Reference Designator C?: Module, Module (1.40, 3.50).
#70 ERROR(ORCAP-36032): Duplicate Reference Designator C?: Module, Module (4.90, 3.50).
#71 ERROR(ORCAP-36032): Duplicate Reference Designator C?: Module, Module (1.00, 4.10).
#72 ERROR(ORCAP-36032): Duplicate Reference Designator C?: Module, Module (9.50, 4.10).
#73 ERROR(ORCAP-36032): Duplicate Reference Designator C?: Module, Module (9.20, 7.10).
#74 ERROR(ORCAP-36032): Duplicate Reference Designator C?: Power, Power (3.70, 1.40).
#75 ERROR(ORCAP-36032): Duplicate Reference Designator C?: Power, Power (7.50, 1.50).
#76 ERROR(ORCAP-36032): Duplicate Reference Designator C?: Power, Power (1.40, 1.40).
#77 ERROR(ORCAP-36032): Duplicate Reference Designator C?: Power, Power (3.30, 1.00).
#78 ERROR(ORCAP-36032): Duplicate Reference Designator C?: Power, Power (4.00, 1.40).
#79 ERROR(ORCAP-36032): Duplicate Reference Designator C?: Power, Power (5.00, 1.30).
#80 ERROR(ORCAP-36032): Duplicate Reference Designator C?: Power, Power (4.10, 2.50).
#81 ERROR(ORCAP-36032): Duplicate Reference Designator C?: Power, Power (1.60, 2.40).
#82 ERROR(ORCAP-36032): Duplicate Reference Designator C?: Power, Power (4.50, 1.30).
#83 ERROR(ORCAP-36032): Duplicate Reference Designator C?: Power, Power (1.30, 2.40).
#84 ERROR(ORCAP-36032): Duplicate Reference Designator C?: Power, Power (7.10, 1.50).
#85 ERROR(ORCAP-36032): Duplicate Reference Designator C?: Power, Power (3.80, 2.50).
#86 ERROR(ORCAP-36032): Duplicate Reference Designator C?: Power, Power (2.40, 1.40).
#87 ERROR(ORCAP-36032): Duplicate Reference Designator C?: DDS, DDS (4.10, 3.30).
#88 ERROR(ORCAP-36032): Duplicate Reference Designator C?: DDS, DDS (3.50, 4.80).
#89 ERROR(ORCAP-36032): Duplicate Reference Designator C?: DDS, DDS (3.80, 4.80).
#90 ERROR(ORCAP-36032): Duplicate Reference Designator C?: DDS, DDS (4.10, 4.80).
#91 ERROR(ORCAP-36032): Duplicate Reference Designator C?: DDS, DDS (2.70, 0.50).
#92 ERROR(ORCAP-36032): Duplicate Reference Designator C?: Power, Power (3.00, 4.80).
#93 ERROR(ORCAP-36032): Duplicate Reference Designator C?: Power, Power (1.00, 4.80).
#94 ERROR(ORCAP-36032): Duplicate Reference Designator C?: Power, Power (1.30, 4.80).
#95 ERROR(ORCAP-36032): Duplicate Reference Designator C?: Power, Power (3.30, 4.80).
#96 ERROR(ORCAP-36032): Duplicate Reference Designator C?: Power, Power (0.70, 4.80).
#97 ERROR(ORCAP-36032): Duplicate Reference Designator C?: Power, Power (2.30, 4.30).
#98 ERROR(ORCAP-36032): Duplicate Reference Designator C?: Power, Power (5.30, 2.30).
#99 ERROR(ORCAP-36032): Duplicate Reference Designator C?: Power, Power (6.50, 2.30).
#100 ERROR(ORCAP-36032): Duplicate Reference Designator C?: Module, Module (5.20, 2.50).
#101 ERROR(ORCAP-36032): Duplicate Reference Designator C?: Module, Module (6.20, 2.50).
#102 ERROR(ORCAP-36032): Duplicate Reference Designator C?: Module, Module (5.80, 2.50).
#103 ERROR(ORCAP-36032): Duplicate Reference Designator C?: Module, Module (9.00, 5.80).
#104 ERROR(ORCAP-36032): Duplicate Reference Designator C?: Module, Module (2.50, 5.20).
#105 ERROR(ORCAP-36032): Duplicate Reference Designator C?: Module, Module (2.20, 5.20).
#106 ERROR(ORCAP-36032): Duplicate Reference Designator C?: Module, Module (1.90, 5.20).
#107 ERROR(ORCAP-36032): Duplicate Reference Designator C?: Module, Module (1.60, 5.20).
#108 ERROR(ORCAP-36032): Duplicate Reference Designator C?: Module, Module (1.30, 5.20).
#109 ERROR(ORCAP-36032): Duplicate Reference Designator C?: Module, Module (4.50, 6.00).
#110 ERROR(ORCAP-36032): Duplicate Reference Designator C?: Module, Module (3.00, 8.30).
#111 ERROR(ORCAP-36032): Duplicate Reference Designator C?: Module, Module (5.70, 5.60).
#112 ERROR(ORCAP-36032): Duplicate Reference Designator C?: Module, Module (6.20, 5.60).
#113 ERROR(ORCAP-36032): Duplicate Reference Designator C?: Module, Module (6.70, 5.60).
#114 ERROR(ORCAP-36032): Duplicate Reference Designator C?: Module, Module (7.20, 5.60).
#115 ERROR(ORCAP-36032): Duplicate Reference Designator R?: DDS, DDS (2.80, 1.10).
#116 ERROR(ORCAP-36032): Duplicate Reference Designator R?: DDS, DDS (5.70, 3.40).
#117 ERROR(ORCAP-36032): Duplicate Reference Designator R?: DDS, DDS (5.50, 3.90).
#118 ERROR(ORCAP-36032): Duplicate Reference Designator R?: DDS, DDS (5.70, 1.00).
#119 ERROR(ORCAP-36032): Duplicate Reference Designator R?: DDS, DDS (3.50, 1.40).
#120 ERROR(ORCAP-36032): Duplicate Reference Designator R?: DDS, DDS (3.40, 3.60).
#121 ERROR(ORCAP-36032): Duplicate Reference Designator R?: DDS, DDS (3.60, 1.00).
#122 ERROR(ORCAP-36032): Duplicate Reference Designator R?: DDS, DDS (3.50, 3.10).
#123 ERROR(ORCAP-36032): Duplicate Reference Designator R?: DDS, DDS (6.10, 3.80).
#124 ERROR(ORCAP-36032): Duplicate Reference Designator R?: DDS, DDS (2.70, 3.80).
#125 ERROR(ORCAP-36032): Duplicate Reference Designator R?: DDS, DDS (5.60, 3.70).
#126 ERROR(ORCAP-36032): Duplicate Reference Designator R?: MCU, MCU (2.50, 4.30).
#127 ERROR(ORCAP-36032): Duplicate Reference Designator R?: MCU, MCU (7.00, 5.10).
#128 ERROR(ORCAP-36032): Duplicate Reference Designator R?: MCU, MCU (1.00, 5.60).
#129 ERROR(ORCAP-36032): Duplicate Reference Designator R?: MCU, MCU (3.50, 4.90).
#130 ERROR(ORCAP-36032): Duplicate Reference Designator R?: MCU, MCU (1.00, 5.80).
#131 ERROR(ORCAP-36032): Duplicate Reference Designator R?: Module, Module (7.00, 3.50).
#132 ERROR(ORCAP-36032): Duplicate Reference Designator R?: Module, Module (2.50, 1.40).
#133 ERROR(ORCAP-36032): Duplicate Reference Designator R?: Module, Module (2.50, 1.10).
#134 ERROR(ORCAP-36032): Duplicate Reference Designator R?: Module, Module (2.50, 0.80).
#135 ERROR(ORCAP-36032): Duplicate Reference Designator R?: Module, Module (9.60, 7.10).
#136 ERROR(ORCAP-36032): Duplicate Reference Designator R?: Module, Module (2.80, 3.50).
#137 ERROR(ORCAP-36032): Duplicate Reference Designator R?: Module, Module (4.80, 3.50).
#138 ERROR(ORCAP-36032): Duplicate Reference Designator R?: Module, Module (2.50, 1.30).
#139 ERROR(ORCAP-36032): Duplicate Reference Designator R?: Module, Module (2.50, 1.00).
#140 ERROR(ORCAP-36032): Duplicate Reference Designator R?: Module, Module (0.60, 3.50).
#141 ERROR(ORCAP-36032): Duplicate Reference Designator R?: Module, Module (9.20, 3.50).
#142 ERROR(ORCAP-36032): Duplicate Reference Designator R?: Module, Module (10.20, 7.10).
#143 ERROR(ORCAP-36032): Duplicate Reference Designator R?: Module, Module (2.50, 0.70).
#144 ERROR(ORCAP-36032): Duplicate Reference Designator R?: Module, Module (2.50, 1.20).
#145 ERROR(ORCAP-36032): Duplicate Reference Designator R?: Module, Module (2.50, 0.90).
#146 ERROR(ORCAP-36032): Duplicate Reference Designator R?: Power, Power (7.10, 0.70).
#147 ERROR(ORCAP-36032): Duplicate Reference Designator R?: Power, Power (7.10, 1.10).
#148 ERROR(ORCAP-36032): Duplicate Reference Designator R?: Power, Power (3.80, 1.00).
#149 ERROR(ORCAP-36032): Duplicate Reference Designator R?: Power, Power (3.40, 0.80).
#150 ERROR(ORCAP-36032): Duplicate Reference Designator R?: Power, Power (1.20, 5.90).
#151 ERROR(ORCAP-36032): Duplicate Reference Designator R?: Power, Power (1.40, 1.00).
#152 ERROR(ORCAP-36032): Duplicate Reference Designator R?: Power, Power (3.00, 0.60).
#153 ERROR(ORCAP-36032): Duplicate Reference Designator R?: Module, Module (1.30, 3.50).
#154 ERROR(ORCAP-36032): Duplicate Reference Designator R?: Module, Module (3.40, 3.50).
#155 ERROR(ORCAP-36032): Duplicate Reference Designator R?: Module, Module (5.40, 3.50).
#156 ERROR(ORCAP-36032): Duplicate Reference Designator R?: Module, Module (7.60, 3.50).
#157 ERROR(ORCAP-36032): Duplicate Reference Designator R?: Module, Module (9.80, 3.50).
#158 ERROR(ORCAP-36032): Duplicate Reference Designator R?: Module, Module (4.30, 0.90).
#159 ERROR(ORCAP-36032): Duplicate Reference Designator R?: Module, Module (8.70, 5.20).
#160 ERROR(ORCAP-36032): Duplicate Reference Designator R?: MCU, MCU (3.60, 5.20).
#161 ERROR(ORCAP-36046): Conflicting number of parts per package (5) for U?C: MCU, MCU (7.50, 0.30)
#162 ERROR(ORCAP-36046): Conflicting number of parts per package (1) for U?: Module, Module (1.20, 0.50)
#163 ERROR(ORCAP-36035): Multiple pin 1's which have different nets connected for L?: Power, Power (3.40, 1.20).
#164 ERROR(ORCAP-36035): Multiple pin 2's which have different nets connected for L?: Power, Power (3.40, 1.20).
#165 ERROR(ORCAP-36035): Multiple pin 2's which have different nets connected for H?: Module, Module (8.70, 3.70).
#166 ERROR(ORCAP-36035): Multiple pin 3's which have different nets connected for H?: Module, Module (8.70, 3.70).
#167 ERROR(ORCAP-36035): Multiple pin 2's which have different nets connected for H?: Module, Module (4.30, 3.70).
#168 ERROR(ORCAP-36035): Multiple pin 3's which have different nets connected for H?: Module, Module (4.30, 3.70).
#169 ERROR(ORCAP-36035): Multiple pin 2's which have different nets connected for H?: Module, Module (6.50, 3.70).
#170 ERROR(ORCAP-36035): Multiple pin 3's which have different nets connected for H?: Module, Module (6.50, 3.70).
#171 ERROR(ORCAP-36035): Multiple pin 2's which have different nets connected for H?: Module, Module (2.30, 3.70).
#172 ERROR(ORCAP-36035): Multiple pin 3's which have different nets connected for H?: Module, Module (2.30, 3.70).
#173 ERROR(ORCAP-36035): Multiple pin 1's which have different nets connected for H?: Power, Power (1.90, 3.20).
#174 ERROR(ORCAP-36035): Multiple pin 2's which have different nets connected for H?: Power, Power (1.90, 3.20).
#175 ERROR(ORCAP-36035): Multiple pin 3's which have different nets connected for H?: Power, Power (1.90, 3.20).
#176 ERROR(ORCAP-36035): Multiple pin 1's which have different nets connected for H?: Module, Module (9.40, 5.40).
#177 ERROR(ORCAP-36035): Multiple pin 2's which have different nets connected for H?: Module, Module (9.40, 5.40).
#178 ERROR(ORCAP-36035): Multiple pin 1's which have different nets connected for U?: DDS, DDS (4.20, 0.90).
#179 ERROR(ORCAP-36035): Multiple pin 2's which have different nets connected for U?: DDS, DDS (4.20, 0.90).
#180 ERROR(ORCAP-36035): Multiple pin 3's which have different nets connected for U?: DDS, DDS (4.20, 0.90).
#181 ERROR(ORCAP-36035): Multiple pin 4's which have different nets connected for U?: DDS, DDS (4.20, 0.90).
#182 ERROR(ORCAP-36035): Multiple pin 7's which have different nets connected for U?: DDS, DDS (4.20, 0.90).
#183 ERROR(ORCAP-36035): Multiple pin 6's which have different nets connected for U?: DDS, DDS (4.20, 0.90).
#184 ERROR(ORCAP-36035): Multiple pin 5's which have different nets connected for U?: DDS, DDS (4.20, 0.90).
#185 ERROR(ORCAP-36036): Multiple pin 1's which have different nets connected for U?: MCU, MCU (7.50, 0.30).
Check for incorrect packaging of all devices in U?.
#186 ERROR(ORCAP-36036): Multiple pin 2's which have different nets connected for U?: MCU, MCU (7.50, 0.30).
Check for incorrect packaging of all devices in U?.
#187 ERROR(ORCAP-36036): Multiple pin 3's which have different nets connected for U?: MCU, MCU (7.50, 0.30).
Check for incorrect packaging of all devices in U?.
#188 ERROR(ORCAP-36036): Multiple pin 4's which have different nets connected for U?: MCU, MCU (7.50, 0.30).
Check for incorrect packaging of all devices in U?.
#189 ERROR(ORCAP-36036): Multiple pin 5's which have different nets connected for U?: MCU, MCU (7.50, 0.30).
Check for incorrect packaging of all devices in U?.
#190 ERROR(ORCAP-36036): Multiple pin 6's which have different nets connected for U?: MCU, MCU (7.40, 3.10).
Check for incorrect packaging of all devices in U?.
#191 ERROR(ORCAP-36036): Multiple pin 8's which have different nets connected for U?: MCU, MCU (3.10, 2.90).
Check for incorrect packaging of all devices in U?.
#192 ERROR(ORCAP-36036): Multiple pin 7's which have different nets connected for U?: MCU, MCU (4.10, 0.30).
Check for incorrect packaging of all devices in U?.
#193 ERROR(ORCAP-36035): Multiple pin 1's which have different nets connected for U?: Module, Module (1.20, 0.50).
#194 ERROR(ORCAP-36035): Multiple pin 2's which have different nets connected for U?: Module, Module (1.20, 0.50).
#195 ERROR(ORCAP-36035): Multiple pin 3's which have different nets connected for U?: Module, Module (1.20, 0.50).
#196 ERROR(ORCAP-36035): Multiple pin 4's which have different nets connected for U?: Module, Module (1.20, 0.50).
#197 ERROR(ORCAP-36035): Multiple pin 5's which have different nets connected for U?: Module, Module (1.20, 0.50).
#198 ERROR(ORCAP-36035): Multiple pin 6's which have different nets connected for U?: Module, Module (1.20, 0.50).
#199 ERROR(ORCAP-36035): Multiple pin 7's which have different nets connected for U?: Module, Module (1.20, 0.50).
#200 ERROR(ORCAP-36035): Multiple pin 8's which have different nets connected for U?: Module, Module (1.20, 0.50).
#201 ERROR(ORCAP-36035): Multiple pin 9's which have different nets connected for U?: Module, Module (1.20, 0.50).
#202 ERROR(ORCAP-36035): Multiple pin 10's which have different nets connected for U?: Module, Module (1.20, 0.50).
#203 ERROR(ORCAP-36035): Multiple pin 11's which have different nets connected for U?: Module, Module (1.20, 0.50).
#204 ERROR(ORCAP-36035): Multiple pin 12's which have different nets connected for U?: Module, Module (1.20, 0.50).
#205 ERROR(ORCAP-36035): Multiple pin 24's which have different nets connected for U?: Module, Module (1.20, 0.50).
#206 ERROR(ORCAP-36035): Multiple pin 23's which have different nets connected for U?: Module, Module (1.20, 0.50).
#207 ERROR(ORCAP-36035): Multiple pin 22's which have different nets connected for U?: Module, Module (1.20, 0.50).
#208 ERROR(ORCAP-36035): Multiple pin 21's which have different nets connected for U?: Module, Module (1.20, 0.50).
#209 ERROR(ORCAP-36035): Multiple pin 20's which have different nets connected for U?: Module, Module (1.20, 0.50).
#210 ERROR(ORCAP-36035): Multiple pin 19's which have different nets connected for U?: Module, Module (1.20, 0.50).
#211 ERROR(ORCAP-36035): Multiple pin 18's which have different nets connected for U?: Module, Module (1.20, 0.50).
#212 ERROR(ORCAP-36035): Multiple pin 17's which have different nets connected for U?: Module, Module (1.20, 0.50).
#213 ERROR(ORCAP-36035): Multiple pin 16's which have different nets connected for U?: Module, Module (1.20, 0.50).
#214 ERROR(ORCAP-36035): Multiple pin 15's which have different nets connected for U?: Module, Module (1.20, 0.50).
#215 ERROR(ORCAP-36035): Multiple pin 14's which have different nets connected for U?: Module, Module (1.20, 0.50).
#216 ERROR(ORCAP-36035): Multiple pin 13's which have different nets connected for U?: Module, Module (1.20, 0.50).
#217 ERROR(ORCAP-36035): Multiple pin 1's which have different nets connected for U?: Module, Module (8.10, 7.10).
#218 ERROR(ORCAP-36035): Multiple pin 2's which have different nets connected for U?: Module, Module (8.10, 7.10).
#219 ERROR(ORCAP-36035): Multiple pin 3's which have different nets connected for U?: Module, Module (8.10, 7.10).
#220 ERROR(ORCAP-36035): Multiple pin 4's which have different nets connected for U?: Module, Module (8.10, 7.10).
#221 ERROR(ORCAP-36035): Multiple pin 8's which have different nets connected for U?: Module, Module (8.10, 7.10).
#222 ERROR(ORCAP-36035): Multiple pin 7's which have different nets connected for U?: Module, Module (8.10, 7.10).
#223 ERROR(ORCAP-36035): Multiple pin 6's which have different nets connected for U?: Module, Module (8.10, 7.10).
#224 ERROR(ORCAP-36035): Multiple pin 5's which have different nets connected for U?: Module, Module (8.10, 7.10).
#225 ERROR(ORCAP-36035): Multiple pin 1's which have different nets connected for U?: Module, Module (3.50, 0.70).
#226 ERROR(ORCAP-36035): Multiple pin 2's which have different nets connected for U?: Module, Module (3.50, 0.70).
#227 ERROR(ORCAP-36035): Multiple pin 3's which have different nets connected for U?: Module, Module (3.50, 0.70).
#228 ERROR(ORCAP-36035): Multiple pin 4's which have different nets connected for U?: Module, Module (3.50, 0.70).
#229 ERROR(ORCAP-36035): Multiple pin 5's which have different nets connected for U?: Module, Module (3.50, 0.70).
#230 ERROR(ORCAP-36035): Multiple pin 6's which have different nets connected for U?: Module, Module (3.50, 0.70).
#231 ERROR(ORCAP-36035): Multiple pin 7's which have different nets connected for U?: Module, Module (3.50, 0.70).
#232 ERROR(ORCAP-36035): Multiple pin 8's which have different nets connected for U?: Module, Module (3.50, 0.70).
#233 ERROR(ORCAP-36035): Multiple pin 9's which have different nets connected for U?: Module, Module (3.50, 0.70).
#234 ERROR(ORCAP-36035): Multiple pin 10's which have different nets connected for U?: Module, Module (3.50, 0.70).
#235 ERROR(ORCAP-36035): Multiple pin 11's which have different nets connected for U?: Module, Module (3.50, 0.70).
#236 ERROR(ORCAP-36035): Multiple pin 12's which have different nets connected for U?: Module, Module (3.50, 0.70).
#237 ERROR(ORCAP-36035): Multiple pin 13's which have different nets connected for U?: Module, Module (3.50, 0.70).
#238 ERROR(ORCAP-36035): Multiple pin 25's which have different nets connected for U?: Module, Module (3.50, 0.70).
#239 ERROR(ORCAP-36035): Multiple pin 24's which have different nets connected for U?: Module, Module (3.50, 0.70).
#240 ERROR(ORCAP-36035): Multiple pin 23's which have different nets connected for U?: Module, Module (3.50, 0.70).
#241 ERROR(ORCAP-36035): Multiple pin 22's which have different nets connected for U?: Module, Module (3.50, 0.70).
#242 ERROR(ORCAP-36035): Multiple pin 21's which have different nets connected for U?: Module, Module (3.50, 0.70).
#243 ERROR(ORCAP-36035): Multiple pin 20's which have different nets connected for U?: Module, Module (3.50, 0.70).
#244 ERROR(ORCAP-36035): Multiple pin 19's which have different nets connected for U?: Module, Module (3.50, 0.70).
#245 ERROR(ORCAP-36035): Multiple pin 18's which have different nets connected for U?: Module, Module (3.50, 0.70).
#246 ERROR(ORCAP-36035): Multiple pin 17's which have different nets connected for U?: Module, Module (3.50, 0.70).
#247 ERROR(ORCAP-36035): Multiple pin 16's which have different nets connected for U?: Module, Module (3.50, 0.70).
#248 ERROR(ORCAP-36035): Multiple pin 15's which have different nets connected for U?: Module, Module (3.50, 0.70).
#249 ERROR(ORCAP-36035): Multiple pin 14's which have different nets connected for U?: Module, Module (3.50, 0.70).
#250 ERROR(ORCAP-36035): Multiple pin 26's which have different nets connected for U?: Module, Module (3.50, 0.70).
#251 ERROR(ORCAP-36035): Multiple pin 27's which have different nets connected for U?: Module, Module (3.50, 0.70).
#252 ERROR(ORCAP-36035): Multiple pin 1's which have different nets connected for U?: Module, Module (5.00, 6.80).
#253 ERROR(ORCAP-36035): Multiple pin 2's which have different nets connected for U?: Module, Module (5.00, 6.80).
#254 ERROR(ORCAP-36035): Multiple pin 3's which have different nets connected for U?: Module, Module (5.00, 6.80).
#255 ERROR(ORCAP-36035): Multiple pin 4's which have different nets connected for U?: Module, Module (5.00, 6.80).
#256 ERROR(ORCAP-36035): Multiple pin 5's which have different nets connected for U?: Module, Module (5.00, 6.80).
#257 ERROR(ORCAP-36035): Multiple pin 6's which have different nets connected for U?: Module, Module (5.00, 6.80).
#258 ERROR(ORCAP-36035): Multiple pin 1's which have different nets connected for U?: Module, Module (9.10, 0.60).
#259 ERROR(ORCAP-36035): Multiple pin 2's which have different nets connected for U?: Module, Module (9.10, 0.60).
#260 ERROR(ORCAP-36035): Multiple pin 3's which have different nets connected for U?: Module, Module (9.10, 0.60).
#261 ERROR(ORCAP-36035): Multiple pin 4's which have different nets connected for U?: Module, Module (9.10, 0.60).
#262 ERROR(ORCAP-36035): Multiple pin 5's which have different nets connected for U?: Module, Module (9.10, 0.60).
#263 ERROR(ORCAP-36035): Multiple pin 6's which have different nets connected for U?: Module, Module (9.10, 0.60).
#264 ERROR(ORCAP-36035): Multiple pin 7's which have different nets connected for U?: Module, Module (9.10, 0.60).
#265 ERROR(ORCAP-36035): Multiple pin 8's which have different nets connected for U?: Module, Module (9.10, 0.60).
#266 ERROR(ORCAP-36035): Multiple pin 9's which have different nets connected for U?: Module, Module (9.10, 0.60).
#267 ERROR(ORCAP-36035): Multiple pin 10's which have different nets connected for U?: Module, Module (9.10, 0.60).
#268 ERROR(ORCAP-36035): Multiple pin 11's which have different nets connected for U?: Module, Module (9.10, 0.60).
#269 ERROR(ORCAP-36035): Multiple pin 12's which have different nets connected for U?: Module, Module (9.10, 0.60).
#270 ERROR(ORCAP-36035): Multiple pin 13's which have different nets connected for U?: Module, Module (9.10, 0.60).
#271 ERROR(ORCAP-36035): Multiple pin 25's which have different nets connected for U?: Module, Module (9.10, 0.60).
#272 ERROR(ORCAP-36035): Multiple pin 24's which have different nets connected for U?: Module, Module (9.10, 0.60).
#273 ERROR(ORCAP-36035): Multiple pin 23's which have different nets connected for U?: Module, Module (9.10, 0.60).
#274 ERROR(ORCAP-36035): Multiple pin 22's which have different nets connected for U?: Module, Module (9.10, 0.60).
#275 ERROR(ORCAP-36035): Multiple pin 21's which have different nets connected for U?: Module, Module (9.10, 0.60).
#276 ERROR(ORCAP-36035): Multiple pin 20's which have different nets connected for U?: Module, Module (9.10, 0.60).
#277 ERROR(ORCAP-36035): Multiple pin 19's which have different nets connected for U?: Module, Module (9.10, 0.60).
#278 ERROR(ORCAP-36035): Multiple pin 18's which have different nets connected for U?: Module, Module (9.10, 0.60).
#279 ERROR(ORCAP-36035): Multiple pin 17's which have different nets connected for U?: Module, Module (9.10, 0.60).
#280 ERROR(ORCAP-36035): Multiple pin 15's which have different nets connected for U?: Module, Module (9.10, 0.60).
#281 ERROR(ORCAP-36035): Multiple pin 14's which have different nets connected for U?: Module, Module (9.10, 0.60).
#282 ERROR(ORCAP-36035): Multiple pin 26's which have different nets connected for U?: Module, Module (9.10, 0.60).
#283 ERROR(ORCAP-36035): Multiple pin 27's which have different nets connected for U?: Module, Module (9.10, 0.60).
#284 ERROR(ORCAP-36035): Multiple pin 1's which have different nets connected for U?: Power, Power (2.40, 2.30).
#285 ERROR(ORCAP-36035): Multiple pin 2's which have different nets connected for U?: Power, Power (2.40, 2.30).
#286 ERROR(ORCAP-36035): Multiple pin 3's which have different nets connected for U?: Power, Power (2.40, 2.30).
#287 ERROR(ORCAP-36035): Multiple pin 4's which have different nets connected for U?: Power, Power (2.40, 2.30).
#288 ERROR(ORCAP-36035): Multiple pin 7's which have different nets connected for U?: Power, Power (2.40, 2.30).
#289 ERROR(ORCAP-36035): Multiple pin 6's which have different nets connected for U?: Power, Power (2.40, 2.30).
#290 ERROR(ORCAP-36035): Multiple pin 5's which have different nets connected for U?: Power, Power (2.40, 2.30).
#291 ERROR(ORCAP-36035): Multiple pin 1's which have different nets connected for U?: Power, Power (1.60, 5.80).
#292 ERROR(ORCAP-36035): Multiple pin 2's which have different nets connected for U?: Power, Power (1.60, 5.80).
#293 ERROR(ORCAP-36035): Multiple pin 1's which have different nets connected for U?: Power, Power (2.10, 0.80).
#294 ERROR(ORCAP-36035): Multiple pin 2's which have different nets connected for U?: Power, Power (2.10, 0.80).
#295 ERROR(ORCAP-36035): Multiple pin 3's which have different nets connected for U?: Power, Power (2.10, 0.80).
#296 ERROR(ORCAP-36035): Multiple pin 4's which have different nets connected for U?: Power, Power (2.10, 0.80).
#297 ERROR(ORCAP-36035): Multiple pin 8's which have different nets connected for U?: Power, Power (2.10, 0.80).
#298 ERROR(ORCAP-36035): Multiple pin 7's which have different nets connected for U?: Power, Power (2.10, 0.80).
#299 ERROR(ORCAP-36035): Multiple pin 6's which have different nets connected for U?: Power, Power (2.10, 0.80).
#300 ERROR(ORCAP-36035): Multiple pin 5's which have different nets connected for U?: Power, Power (2.10, 0.80).
#301 ERROR(ORCAP-36035): Multiple pin 9's which have different nets connected for U?: Power, Power (2.10, 0.80).
#302 ERROR(ORCAP-36035): Multiple pin 1's which have different nets connected for U?: Power, Power (5.50, 0.80).
#303 ERROR(ORCAP-36035): Multiple pin 2's which have different nets connected for U?: Power, Power (5.50, 0.80).
#304 ERROR(ORCAP-36035): Multiple pin 3's which have different nets connected for U?: Power, Power (5.50, 0.80).
#305 ERROR(ORCAP-36035): Multiple pin 4's which have different nets connected for U?: Power, Power (5.50, 0.80).
#306 ERROR(ORCAP-36035): Multiple pin 8's which have different nets connected for U?: Power, Power (5.50, 0.80).
#307 ERROR(ORCAP-36035): Multiple pin 7's which have different nets connected for U?: Power, Power (5.50, 0.80).
#308 ERROR(ORCAP-36035): Multiple pin 6's which have different nets connected for U?: Power, Power (5.50, 0.80).
#309 ERROR(ORCAP-36035): Multiple pin 5's which have different nets connected for U?: Power, Power (5.50, 0.80).
#310 ERROR(ORCAP-36035): Multiple pin 1's which have different nets connected for U?: Power, Power (2.10, 4.60).
#311 ERROR(ORCAP-36035): Multiple pin 2's which have different nets connected for U?: Power, Power (2.10, 4.60).
#312 ERROR(ORCAP-36035): Multiple pin 3's which have different nets connected for U?: Power, Power (2.10, 4.60).
#313 ERROR(ORCAP-36035): Multiple pin 4's which have different nets connected for U?: Power, Power (2.10, 4.60).
#314 ERROR(ORCAP-36035): Multiple pin 5's which have different nets connected for U?: Power, Power (2.10, 4.60).
#315 ERROR(ORCAP-36035): Multiple pin 2's which have different nets connected for U?: Power, Power (5.70, 2.10).
#316 ERROR(ORCAP-36035): Multiple pin 1's which have different nets connected for U?: Power, Power (5.70, 2.10).
#317 ERROR(ORCAP-36035): Multiple pin 3's which have different nets connected for U?: Power, Power (5.70, 2.10).
#318 ERROR(ORCAP-36035): Multiple pin 1's which have different nets connected for U?: Module, Module (5.90, 0.90).
#319 ERROR(ORCAP-36035): Multiple pin 2's which have different nets connected for U?: Module, Module (5.90, 0.90).
#320 ERROR(ORCAP-36035): Multiple pin 3's which have different nets connected for U?: Module, Module (5.90, 0.90).
#321 ERROR(ORCAP-36035): Multiple pin 4's which have different nets connected for U?: Module, Module (5.90, 0.90).
#322 ERROR(ORCAP-36035): Multiple pin 5's which have different nets connected for U?: Module, Module (5.90, 0.90).
#323 ERROR(ORCAP-36035): Multiple pin 6's which have different nets connected for U?: Module, Module (5.90, 0.90).
#324 ERROR(ORCAP-36035): Multiple pin 7's which have different nets connected for U?: Module, Module (5.90, 0.90).
#325 ERROR(ORCAP-36035): Multiple pin 8's which have different nets connected for U?: Module, Module (5.90, 0.90).
#326 ERROR(ORCAP-36035): Multiple pin 9's which have different nets connected for U?: Module, Module (5.90, 0.90).
#327 ERROR(ORCAP-36035): Multiple pin 10's which have different nets connected for U?: Module, Module (5.90, 0.90).
#328 ERROR(ORCAP-36035): Multiple pin 20's which have different nets connected for U?: Module, Module (5.90, 0.90).
#329 ERROR(ORCAP-36035): Multiple pin 19's which have different nets connected for U?: Module, Module (5.90, 0.90).
#330 ERROR(ORCAP-36035): Multiple pin 18's which have different nets connected for U?: Module, Module (5.90, 0.90).
#331 ERROR(ORCAP-36035): Multiple pin 17's which have different nets connected for U?: Module, Module (5.90, 0.90).
#332 ERROR(ORCAP-36035): Multiple pin 16's which have different nets connected for U?: Module, Module (5.90, 0.90).
#333 ERROR(ORCAP-36035): Multiple pin 15's which have different nets connected for U?: Module, Module (5.90, 0.90).
#334 ERROR(ORCAP-36035): Multiple pin 14's which have different nets connected for U?: Module, Module (5.90, 0.90).
#335 ERROR(ORCAP-36035): Multiple pin 13's which have different nets connected for U?: Module, Module (5.90, 0.90).
#336 ERROR(ORCAP-36035): Multiple pin 12's which have different nets connected for U?: Module, Module (5.90, 0.90).
#337 ERROR(ORCAP-36035): Multiple pin 11's which have different nets connected for U?: Module, Module (5.90, 0.90).
#338 ERROR(ORCAP-36035): Multiple pin 1's which have different nets connected for U?: Module, Module (1.10, 7.30).
#339 ERROR(ORCAP-36035): Multiple pin 5's which have different nets connected for U?: Module, Module (1.10, 7.30).
#340 ERROR(ORCAP-36035): Multiple pin 2's which have different nets connected for U?: Module, Module (1.10, 7.30).
#341 ERROR(ORCAP-36035): Multiple pin 7's which have different nets connected for U?: Module, Module (1.10, 7.30).
#342 ERROR(ORCAP-36035): Multiple pin 3's which have different nets connected for U?: Module, Module (1.10, 7.30).
#343 ERROR(ORCAP-36035): Multiple pin 9's which have different nets connected for U?: Module, Module (1.10, 7.30).
#344 ERROR(ORCAP-36035): Multiple pin 6's which have different nets connected for U?: Module, Module (1.10, 7.30).
#345 ERROR(ORCAP-36035): Multiple pin 4's which have different nets connected for U?: Module, Module (1.10, 7.30).
#346 ERROR(ORCAP-36035): Multiple pin 8's which have different nets connected for U?: Module, Module (1.10, 7.30).
#347 ERROR(ORCAP-36035): Multiple pin 10's which have different nets connected for U?: Module, Module (1.10, 7.30).
#348 ERROR(ORCAP-36035): Multiple pin 1's which have different nets connected for C?: DDS, DDS (6.00, 3.30).
#349 ERROR(ORCAP-36035): Multiple pin 1's which have different nets connected for C?: DDS, DDS (3.10, 4.00).
#350 ERROR(ORCAP-36035): Multiple pin 2's which have different nets connected for C?: DDS, DDS (3.10, 4.00).
#351 ERROR(ORCAP-36035): Multiple pin 1's which have different nets connected for C?: DDS, DDS (5.00, 4.10).
#352 ERROR(ORCAP-36035): Multiple pin 2's which have different nets connected for C?: DDS, DDS (5.00, 4.10).
#353 ERROR(ORCAP-36035): Multiple pin 1's which have different nets connected for C?: DDS, DDS (2.40, 1.30).
#354 ERROR(ORCAP-36035): Multiple pin 2's which have different nets connected for C?: DDS, DDS (2.40, 1.30).
#355 ERROR(ORCAP-36035): Multiple pin 1's which have different nets connected for C?: DDS, DDS (3.00, 3.00).
#356 ERROR(ORCAP-36035): Multiple pin 1's which have different nets connected for C?: DDS, DDS (3.10, 1.50).
#357 ERROR(ORCAP-36035): Multiple pin 2's which have different nets connected for C?: DDS, DDS (3.10, 1.50).
#358 ERROR(ORCAP-36035): Multiple pin 1's which have different nets connected for C?: MCU, MCU (6.30, 5.40).
#359 ERROR(ORCAP-36035): Multiple pin 1's which have different nets connected for C?: MCU, MCU (0.80, 6.30).
#360 ERROR(ORCAP-36035): Multiple pin 2's which have different nets connected for C?: MCU, MCU (0.80, 6.30).
#361 ERROR(ORCAP-36035): Multiple pin 1's which have different nets connected for C?: MCU, MCU (1.60, 6.30).
#362 ERROR(ORCAP-36035): Multiple pin 2's which have different nets connected for C?: MCU, MCU (1.60, 6.30).
#363 ERROR(ORCAP-36035): Multiple pin 1's which have different nets connected for C?: MCU, MCU (7.90, 5.60).
#364 ERROR(ORCAP-36035): Multiple pin 2's which have different nets connected for C?: MCU, MCU (7.90, 5.60).
#365 ERROR(ORCAP-36035): Multiple pin 1's which have different nets connected for C?: MCU, MCU (6.60, 3.50).
#366 ERROR(ORCAP-36035): Multiple pin 1's which have different nets connected for C?: MCU, MCU (2.40, 6.30).
#367 ERROR(ORCAP-36035): Multiple pin 2's which have different nets connected for C?: MCU, MCU (2.40, 6.30).
#368 ERROR(ORCAP-36035): Multiple pin 1's which have different nets connected for C?: MCU, MCU (3.20, 6.30).
#369 ERROR(ORCAP-36035): Multiple pin 2's which have different nets connected for C?: MCU, MCU (3.20, 6.30).
#370 ERROR(ORCAP-36035): Multiple pin 1's which have different nets connected for C?: MCU, MCU (4.00, 6.30).
#371 ERROR(ORCAP-36035): Multiple pin 2's which have different nets connected for C?: MCU, MCU (4.00, 6.30).
#372 ERROR(ORCAP-36035): Multiple pin 1's which have different nets connected for C?: MCU, MCU (4.80, 6.30).
#373 ERROR(ORCAP-36035): Multiple pin 2's which have different nets connected for C?: MCU, MCU (4.80, 6.30).
#374 ERROR(ORCAP-36035): Multiple pin 1's which have different nets connected for C?: MCU, MCU (5.20, 6.30).
#375 ERROR(ORCAP-36035): Multiple pin 2's which have different nets connected for C?: MCU, MCU (5.20, 6.30).
#376 ERROR(ORCAP-36035): Multiple pin 1's which have different nets connected for C?: MCU, MCU (0.40, 6.30).
#377 ERROR(ORCAP-36035): Multiple pin 2's which have different nets connected for C?: MCU, MCU (0.40, 6.30).
#378 ERROR(ORCAP-36035): Multiple pin 1's which have different nets connected for C?: MCU, MCU (1.20, 6.30).
#379 ERROR(ORCAP-36035): Multiple pin 2's which have different nets connected for C?: MCU, MCU (1.20, 6.30).
#380 ERROR(ORCAP-36035): Multiple pin 1's which have different nets connected for C?: MCU, MCU (1.10, 5.40).
#381 ERROR(ORCAP-36035): Multiple pin 2's which have different nets connected for C?: MCU, MCU (1.10, 5.40).
#382 ERROR(ORCAP-36035): Multiple pin 1's which have different nets connected for C?: MCU, MCU (2.00, 6.30).
#383 ERROR(ORCAP-36035): Multiple pin 2's which have different nets connected for C?: MCU, MCU (2.00, 6.30).
#384 ERROR(ORCAP-36035): Multiple pin 1's which have different nets connected for C?: MCU, MCU (6.20, 3.50).
#385 ERROR(ORCAP-36035): Multiple pin 1's which have different nets connected for C?: MCU, MCU (2.80, 6.30).
#386 ERROR(ORCAP-36035): Multiple pin 2's which have different nets connected for C?: MCU, MCU (2.80, 6.30).
#387 ERROR(ORCAP-36035): Multiple pin 1's which have different nets connected for C?: MCU, MCU (3.60, 6.30).
#388 ERROR(ORCAP-36035): Multiple pin 2's which have different nets connected for C?: MCU, MCU (3.60, 6.30).
#389 ERROR(ORCAP-36035): Multiple pin 1's which have different nets connected for C?: MCU, MCU (1.10, 5.20).
#390 ERROR(ORCAP-36035): Multiple pin 2's which have different nets connected for C?: MCU, MCU (1.10, 5.20).
#391 ERROR(ORCAP-36035): Multiple pin 1's which have different nets connected for C?: MCU, MCU (4.40, 6.30).
#392 ERROR(ORCAP-36035): Multiple pin 2's which have different nets connected for C?: MCU, MCU (4.40, 6.30).
#393 ERROR(ORCAP-36035): Multiple pin 1's which have different nets connected for C?: Module, Module (9.90, 3.50).
#394 ERROR(ORCAP-36035): Multiple pin 2's which have different nets connected for C?: Module, Module (9.90, 3.50).
#395 ERROR(ORCAP-36035): Multiple pin 1's which have different nets connected for C?: Module, Module (0.70, 3.50).
#396 ERROR(ORCAP-36035): Multiple pin 2's which have different nets connected for C?: Module, Module (0.70, 3.50).
#397 ERROR(ORCAP-36035): Multiple pin 1's which have different nets connected for C?: Module, Module (9.30, 3.50).
#398 ERROR(ORCAP-36035): Multiple pin 2's which have different nets connected for C?: Module, Module (9.30, 3.50).
#399 ERROR(ORCAP-36035): Multiple pin 1's which have different nets connected for C?: Module, Module (1.50, 2.40).
#400 ERROR(ORCAP-36035): Multiple pin 2's which have different nets connected for C?: Module, Module (1.50, 2.40).
#401 ERROR(ORCAP-36035): Multiple pin 1's which have different nets connected for C?: Module, Module (7.30, 4.10).
#402 ERROR(ORCAP-36035): Multiple pin 1's which have different nets connected for C?: Module, Module (4.80, 8.00).
#403 ERROR(ORCAP-36035): Multiple pin 2's which have different nets connected for C?: Module, Module (4.80, 8.00).
#404 ERROR(ORCAP-36035): Multiple pin 1's which have different nets connected for C?: Module, Module (7.10, 3.50).
#405 ERROR(ORCAP-36035): Multiple pin 2's which have different nets connected for C?: Module, Module (7.10, 3.50).
#406 ERROR(ORCAP-36035): Multiple pin 1's which have different nets connected for C?: Module, Module (3.50, 3.50).
#407 ERROR(ORCAP-36035): Multiple pin 2's which have different nets connected for C?: Module, Module (3.50, 3.50).
#408 ERROR(ORCAP-36035): Multiple pin 1's which have different nets connected for C?: Module, Module (7.70, 3.50).
#409 ERROR(ORCAP-36035): Multiple pin 2's which have different nets connected for C?: Module, Module (7.70, 3.50).
#410 ERROR(ORCAP-36035): Multiple pin 1's which have different nets connected for C?: Module, Module (3.10, 4.10).
#411 ERROR(ORCAP-36035): Multiple pin 1's which have different nets connected for C?: Module, Module (5.10, 4.10).
#412 ERROR(ORCAP-36035): Multiple pin 1's which have different nets connected for C?: Module, Module (2.90, 3.50).
#413 ERROR(ORCAP-36035): Multiple pin 2's which have different nets connected for C?: Module, Module (2.90, 3.50).
#414 ERROR(ORCAP-36035): Multiple pin 1's which have different nets connected for C?: Module, Module (0.50, 2.40).
#415 ERROR(ORCAP-36035): Multiple pin 2's which have different nets connected for C?: Module, Module (0.50, 2.40).
#416 ERROR(ORCAP-36035): Multiple pin 1's which have different nets connected for C?: Module, Module (0.90, 2.40).
#417 ERROR(ORCAP-36035): Multiple pin 2's which have different nets connected for C?: Module, Module (0.90, 2.40).
#418 ERROR(ORCAP-36035): Multiple pin 1's which have different nets connected for C?: Module, Module (5.50, 3.50).
#419 ERROR(ORCAP-36035): Multiple pin 2's which have different nets connected for C?: Module, Module (5.50, 3.50).
#420 ERROR(ORCAP-36035): Multiple pin 1's which have different nets connected for C?: Module, Module (1.90, 2.40).
#421 ERROR(ORCAP-36035): Multiple pin 2's which have different nets connected for C?: Module, Module (1.90, 2.40).
#422 ERROR(ORCAP-36035): Multiple pin 1's which have different nets connected for C?: Module, Module (1.40, 3.50).
#423 ERROR(ORCAP-36035): Multiple pin 2's which have different nets connected for C?: Module, Module (1.40, 3.50).
#424 ERROR(ORCAP-36035): Multiple pin 1's which have different nets connected for C?: Module, Module (4.90, 3.50).
#425 ERROR(ORCAP-36035): Multiple pin 2's which have different nets connected for C?: Module, Module (4.90, 3.50).
#426 ERROR(ORCAP-36035): Multiple pin 1's which have different nets connected for C?: Module, Module (1.00, 4.10).
#427 ERROR(ORCAP-36035): Multiple pin 1's which have different nets connected for C?: Module, Module (9.50, 4.10).
#428 ERROR(ORCAP-36035): Multiple pin 1's which have different nets connected for C?: Module, Module (9.20, 7.10).
#429 ERROR(ORCAP-36035): Multiple pin 2's which have different nets connected for C?: Module, Module (9.20, 7.10).
#430 ERROR(ORCAP-36035): Multiple pin 1's which have different nets connected for C?: Power, Power (3.70, 1.40).
#431 ERROR(ORCAP-36035): Multiple pin 1's which have different nets connected for C?: Power, Power (1.40, 1.40).
#432 ERROR(ORCAP-36035): Multiple pin 1's which have different nets connected for C?: Power, Power (3.30, 1.00).
#433 ERROR(ORCAP-36035): Multiple pin 2's which have different nets connected for C?: Power, Power (3.30, 1.00).
#434 ERROR(ORCAP-36035): Multiple pin 1's which have different nets connected for C?: Power, Power (4.00, 1.40).
#435 ERROR(ORCAP-36035): Multiple pin 2's which have different nets connected for C?: Power, Power (4.00, 1.40).
#436 ERROR(ORCAP-36035): Multiple pin 1's which have different nets connected for C?: Power, Power (5.00, 1.30).
#437 ERROR(ORCAP-36035): Multiple pin 1's which have different nets connected for C?: Power, Power (4.10, 2.50).
#438 ERROR(ORCAP-36035): Multiple pin 1's which have different nets connected for C?: Power, Power (4.50, 1.30).
#439 ERROR(ORCAP-36035): Multiple pin 1's which have different nets connected for C?: Power, Power (3.80, 2.50).
#440 ERROR(ORCAP-36035): Multiple pin 1's which have different nets connected for C?: Power, Power (2.40, 1.40).
#441 ERROR(ORCAP-36035): Multiple pin 2's which have different nets connected for C?: Power, Power (2.40, 1.40).
#442 ERROR(ORCAP-36035): Multiple pin 1's which have different nets connected for C?: DDS, DDS (3.50, 4.80).
#443 ERROR(ORCAP-36035): Multiple pin 2's which have different nets connected for C?: DDS, DDS (3.50, 4.80).
#444 ERROR(ORCAP-36035): Multiple pin 1's which have different nets connected for C?: DDS, DDS (3.80, 4.80).
#445 ERROR(ORCAP-36035): Multiple pin 2's which have different nets connected for C?: DDS, DDS (3.80, 4.80).
#446 ERROR(ORCAP-36035): Multiple pin 1's which have different nets connected for C?: DDS, DDS (4.10, 4.80).
#447 ERROR(ORCAP-36035): Multiple pin 2's which have different nets connected for C?: DDS, DDS (4.10, 4.80).
#448 ERROR(ORCAP-36035): Multiple pin 1's which have different nets connected for C?: Power, Power (3.00, 4.80).
#449 ERROR(ORCAP-36035): Multiple pin 2's which have different nets connected for C?: Power, Power (3.00, 4.80).
#450 ERROR(ORCAP-36035): Multiple pin 1's which have different nets connected for C?: Power, Power (1.00, 4.80).
#451 ERROR(ORCAP-36035): Multiple pin 1's which have different nets connected for C?: Power, Power (1.30, 4.80).
#452 ERROR(ORCAP-36035): Multiple pin 1's which have different nets connected for C?: Power, Power (3.30, 4.80).
#453 ERROR(ORCAP-36035): Multiple pin 2's which have different nets connected for C?: Power, Power (3.30, 4.80).
#454 ERROR(ORCAP-36035): Multiple pin 1's which have different nets connected for C?: Power, Power (0.70, 4.80).
#455 ERROR(ORCAP-36035): Multiple pin 1's which have different nets connected for C?: Power, Power (2.30, 4.30).
#456 ERROR(ORCAP-36035): Multiple pin 2's which have different nets connected for C?: Power, Power (2.30, 4.30).
#457 ERROR(ORCAP-36035): Multiple pin 1's which have different nets connected for C?: Power, Power (5.30, 2.30).
#458 ERROR(ORCAP-36035): Multiple pin 2's which have different nets connected for C?: Power, Power (5.30, 2.30).
#459 ERROR(ORCAP-36035): Multiple pin 1's which have different nets connected for C?: Power, Power (6.50, 2.30).
#460 ERROR(ORCAP-36035): Multiple pin 2's which have different nets connected for C?: Power, Power (6.50, 2.30).
#461 ERROR(ORCAP-36035): Multiple pin 1's which have different nets connected for C?: Module, Module (5.20, 2.50).
#462 ERROR(ORCAP-36035): Multiple pin 2's which have different nets connected for C?: Module, Module (5.20, 2.50).
#463 ERROR(ORCAP-36035): Multiple pin 1's which have different nets connected for C?: Module, Module (6.20, 2.50).
#464 ERROR(ORCAP-36035): Multiple pin 2's which have different nets connected for C?: Module, Module (6.20, 2.50).
#465 ERROR(ORCAP-36035): Multiple pin 1's which have different nets connected for C?: Module, Module (5.80, 2.50).
#466 ERROR(ORCAP-36035): Multiple pin 2's which have different nets connected for C?: Module, Module (5.80, 2.50).
#467 ERROR(ORCAP-36035): Multiple pin 1's which have different nets connected for C?: Module, Module (9.00, 5.80).
#468 ERROR(ORCAP-36035): Multiple pin 1's which have different nets connected for C?: Module, Module (2.50, 5.20).
#469 ERROR(ORCAP-36035): Multiple pin 2's which have different nets connected for C?: Module, Module (2.50, 5.20).
#470 ERROR(ORCAP-36035): Multiple pin 1's which have different nets connected for C?: Module, Module (2.20, 5.20).
#471 ERROR(ORCAP-36035): Multiple pin 2's which have different nets connected for C?: Module, Module (2.20, 5.20).
#472 ERROR(ORCAP-36035): Multiple pin 1's which have different nets connected for C?: Module, Module (1.90, 5.20).
#473 ERROR(ORCAP-36035): Multiple pin 2's which have different nets connected for C?: Module, Module (1.90, 5.20).
#474 ERROR(ORCAP-36035): Multiple pin 1's which have different nets connected for C?: Module, Module (1.60, 5.20).
#475 ERROR(ORCAP-36035): Multiple pin 2's which have different nets connected for C?: Module, Module (1.60, 5.20).
#476 ERROR(ORCAP-36035): Multiple pin 1's which have different nets connected for C?: Module, Module (1.30, 5.20).
#477 ERROR(ORCAP-36035): Multiple pin 2's which have different nets connected for C?: Module, Module (1.30, 5.20).
#478 ERROR(ORCAP-36035): Multiple pin 1's which have different nets connected for C?: Module, Module (4.50, 6.00).
#479 ERROR(ORCAP-36035): Multiple pin 1's which have different nets connected for C?: Module, Module (3.00, 8.30).
#480 ERROR(ORCAP-36035): Multiple pin 2's which have different nets connected for C?: Module, Module (3.00, 8.30).
#481 ERROR(ORCAP-36035): Multiple pin 1's which have different nets connected for C?: Module, Module (5.70, 5.60).
#482 ERROR(ORCAP-36035): Multiple pin 1's which have different nets connected for C?: Module, Module (6.20, 5.60).
#483 ERROR(ORCAP-36035): Multiple pin 1's which have different nets connected for C?: Module, Module (6.70, 5.60).
#484 ERROR(ORCAP-36035): Multiple pin 1's which have different nets connected for C?: Module, Module (7.20, 5.60).
#485 ERROR(ORCAP-36035): Multiple pin 1's which have different nets connected for R?: DDS, DDS (2.80, 1.10).
#486 ERROR(ORCAP-36035): Multiple pin 2's which have different nets connected for R?: DDS, DDS (2.80, 1.10).
#487 ERROR(ORCAP-36035): Multiple pin 1's which have different nets connected for R?: DDS, DDS (5.70, 3.40).
#488 ERROR(ORCAP-36035): Multiple pin 2's which have different nets connected for R?: DDS, DDS (5.70, 3.40).
#489 ERROR(ORCAP-36035): Multiple pin 1's which have different nets connected for R?: DDS, DDS (5.50, 3.90).
#490 ERROR(ORCAP-36035): Multiple pin 2's which have different nets connected for R?: DDS, DDS (5.50, 3.90).
#491 ERROR(ORCAP-36035): Multiple pin 1's which have different nets connected for R?: DDS, DDS (5.70, 1.00).
#492 ERROR(ORCAP-36035): Multiple pin 2's which have different nets connected for R?: DDS, DDS (5.70, 1.00).
#493 ERROR(ORCAP-36035): Multiple pin 1's which have different nets connected for R?: DDS, DDS (3.50, 1.40).
#494 ERROR(ORCAP-36035): Multiple pin 2's which have different nets connected for R?: DDS, DDS (3.50, 1.40).
#495 ERROR(ORCAP-36035): Multiple pin 1's which have different nets connected for R?: DDS, DDS (3.40, 3.60).
#496 ERROR(ORCAP-36035): Multiple pin 2's which have different nets connected for R?: DDS, DDS (3.40, 3.60).
#497 ERROR(ORCAP-36035): Multiple pin 1's which have different nets connected for R?: DDS, DDS (3.60, 1.00).
#498 ERROR(ORCAP-36035): Multiple pin 2's which have different nets connected for R?: DDS, DDS (3.60, 1.00).
#499 ERROR(ORCAP-36035): Multiple pin 1's which have different nets connected for R?: DDS, DDS (3.50, 3.10).
#500 ERROR(ORCAP-36035): Multiple pin 2's which have different nets connected for R?: DDS, DDS (3.50, 3.10).
#501 ERROR(ORCAP-36035): Multiple pin 1's which have different nets connected for R?: DDS, DDS (6.10, 3.80).
#502 ERROR(ORCAP-36035): Multiple pin 2's which have different nets connected for R?: DDS, DDS (6.10, 3.80).
#503 ERROR(ORCAP-36035): Multiple pin 1's which have different nets connected for R?: DDS, DDS (2.70, 3.80).
#504 ERROR(ORCAP-36035): Multiple pin 2's which have different nets connected for R?: DDS, DDS (2.70, 3.80).
#505 ERROR(ORCAP-36035): Multiple pin 1's which have different nets connected for R?: DDS, DDS (5.60, 3.70).
#506 ERROR(ORCAP-36035): Multiple pin 2's which have different nets connected for R?: DDS, DDS (5.60, 3.70).
#507 ERROR(ORCAP-36035): Multiple pin 1's which have different nets connected for R?: MCU, MCU (2.50, 4.30).
#508 ERROR(ORCAP-36035): Multiple pin 2's which have different nets connected for R?: MCU, MCU (2.50, 4.30).
#509 ERROR(ORCAP-36035): Multiple pin 1's which have different nets connected for R?: MCU, MCU (7.00, 5.10).
#510 ERROR(ORCAP-36035): Multiple pin 2's which have different nets connected for R?: MCU, MCU (7.00, 5.10).
#511 ERROR(ORCAP-36035): Multiple pin 1's which have different nets connected for R?: MCU, MCU (1.00, 5.60).
#512 ERROR(ORCAP-36035): Multiple pin 2's which have different nets connected for R?: MCU, MCU (1.00, 5.60).
#513 ERROR(ORCAP-36035): Multiple pin 1's which have different nets connected for R?: MCU, MCU (3.50, 4.90).
#514 ERROR(ORCAP-36035): Multiple pin 1's which have different nets connected for R?: MCU, MCU (1.00, 5.80).
#515 ERROR(ORCAP-36035): Multiple pin 2's which have different nets connected for R?: MCU, MCU (1.00, 5.80).
#516 ERROR(ORCAP-36035): Multiple pin 1's which have different nets connected for R?: Module, Module (7.00, 3.50).
#517 ERROR(ORCAP-36035): Multiple pin 1's which have different nets connected for R?: Module, Module (2.50, 1.40).
#518 ERROR(ORCAP-36035): Multiple pin 2's which have different nets connected for R?: Module, Module (2.50, 1.40).
#519 ERROR(ORCAP-36035): Multiple pin 1's which have different nets connected for R?: Module, Module (2.50, 1.10).
#520 ERROR(ORCAP-36035): Multiple pin 2's which have different nets connected for R?: Module, Module (2.50, 1.10).
#521 ERROR(ORCAP-36035): Multiple pin 1's which have different nets connected for R?: Module, Module (2.50, 0.80).
#522 ERROR(ORCAP-36035): Multiple pin 2's which have different nets connected for R?: Module, Module (2.50, 0.80).
#523 ERROR(ORCAP-36035): Multiple pin 1's which have different nets connected for R?: Module, Module (9.60, 7.10).
#524 ERROR(ORCAP-36035): Multiple pin 2's which have different nets connected for R?: Module, Module (9.60, 7.10).
#525 ERROR(ORCAP-36035): Multiple pin 1's which have different nets connected for R?: Module, Module (2.80, 3.50).
#526 ERROR(ORCAP-36035): Multiple pin 1's which have different nets connected for R?: Module, Module (4.80, 3.50).
#527 ERROR(ORCAP-36035): Multiple pin 1's which have different nets connected for R?: Module, Module (2.50, 1.30).
#528 ERROR(ORCAP-36035): Multiple pin 2's which have different nets connected for R?: Module, Module (2.50, 1.30).
#529 ERROR(ORCAP-36035): Multiple pin 1's which have different nets connected for R?: Module, Module (2.50, 1.00).
#530 ERROR(ORCAP-36035): Multiple pin 2's which have different nets connected for R?: Module, Module (2.50, 1.00).
#531 ERROR(ORCAP-36035): Multiple pin 1's which have different nets connected for R?: Module, Module (0.60, 3.50).
#532 ERROR(ORCAP-36035): Multiple pin 1's which have different nets connected for R?: Module, Module (9.20, 3.50).
#533 ERROR(ORCAP-36035): Multiple pin 1's which have different nets connected for R?: Module, Module (10.20, 7.10).
#534 ERROR(ORCAP-36035): Multiple pin 2's which have different nets connected for R?: Module, Module (10.20, 7.10).
#535 ERROR(ORCAP-36035): Multiple pin 1's which have different nets connected for R?: Module, Module (2.50, 0.70).
#536 ERROR(ORCAP-36035): Multiple pin 2's which have different nets connected for R?: Module, Module (2.50, 0.70).
#537 ERROR(ORCAP-36035): Multiple pin 1's which have different nets connected for R?: Module, Module (2.50, 1.20).
#538 ERROR(ORCAP-36035): Multiple pin 2's which have different nets connected for R?: Module, Module (2.50, 1.20).
#539 ERROR(ORCAP-36035): Multiple pin 1's which have different nets connected for R?: Module, Module (2.50, 0.90).
#540 ERROR(ORCAP-36035): Multiple pin 2's which have different nets connected for R?: Module, Module (2.50, 0.90).
#541 ERROR(ORCAP-36035): Multiple pin 1's which have different nets connected for R?: Power, Power (7.10, 0.70).
#542 ERROR(ORCAP-36035): Multiple pin 2's which have different nets connected for R?: Power, Power (7.10, 0.70).
#543 ERROR(ORCAP-36035): Multiple pin 1's which have different nets connected for R?: Power, Power (7.10, 1.10).
#544 ERROR(ORCAP-36035): Multiple pin 2's which have different nets connected for R?: Power, Power (7.10, 1.10).
#545 ERROR(ORCAP-36035): Multiple pin 1's which have different nets connected for R?: Power, Power (3.80, 1.00).
#546 ERROR(ORCAP-36035): Multiple pin 2's which have different nets connected for R?: Power, Power (3.80, 1.00).
#547 ERROR(ORCAP-36035): Multiple pin 1's which have different nets connected for R?: Power, Power (3.40, 0.80).
#548 ERROR(ORCAP-36035): Multiple pin 2's which have different nets connected for R?: Power, Power (3.40, 0.80).
#549 ERROR(ORCAP-36035): Multiple pin 1's which have different nets connected for R?: Power, Power (1.20, 5.90).
#550 ERROR(ORCAP-36035): Multiple pin 2's which have different nets connected for R?: Power, Power (1.20, 5.90).
#551 ERROR(ORCAP-36035): Multiple pin 1's which have different nets connected for R?: Power, Power (1.40, 1.00).
#552 ERROR(ORCAP-36035): Multiple pin 1's which have different nets connected for R?: Power, Power (3.00, 0.60).
#553 ERROR(ORCAP-36035): Multiple pin 1's which have different nets connected for R?: Module, Module (1.30, 3.50).
#554 ERROR(ORCAP-36035): Multiple pin 1's which have different nets connected for R?: Module, Module (3.40, 3.50).
#555 ERROR(ORCAP-36035): Multiple pin 1's which have different nets connected for R?: Module, Module (5.40, 3.50).
#556 ERROR(ORCAP-36035): Multiple pin 1's which have different nets connected for R?: Module, Module (7.60, 3.50).
#557 ERROR(ORCAP-36035): Multiple pin 1's which have different nets connected for R?: Module, Module (9.80, 3.50).
#558 ERROR(ORCAP-36035): Multiple pin 1's which have different nets connected for R?: Module, Module (4.30, 0.90).
#559 ERROR(ORCAP-36035): Multiple pin 2's which have different nets connected for R?: Module, Module (4.30, 0.90).
#560 ERROR(ORCAP-36035): Multiple pin 1's which have different nets connected for R?: Module, Module (8.70, 5.20).
#561 ERROR(ORCAP-36035): Multiple pin 2's which have different nets connected for R?: Module, Module (8.70, 5.20).
#562 ERROR(ORCAP-36035): Multiple pin 1's which have different nets connected for R?: MCU, MCU (3.60, 5.20).
#563 ERROR(ORCAP-36035): Multiple pin 2's which have different nets connected for R?: MCU, MCU (3.60, 5.20).
#564 ERROR(ORCAP-36018): Aborting Netlisting... Please correct the above errors and retry.
